2025-03-19 00:32:33 [INFO]: Servidor corriendo en el puerto 3001
2025-03-19 00:44:28 [INFO]: Servidor corriendo en el puerto 3001
2025-03-19 00:45:05 [ERROR]: Error al iniciar sesión del usuario: Unknown column 'codigo_recuperacion' in 'field list'
2025-03-19 00:45:23 [ERROR]: Error al obtener los productos: Cannot create property 'Symbol(level)' on string 'Iniciando consulta a la base de datos...'
2025-03-19 00:45:23 [ERROR]: Error al obtener los productos: Cannot create property 'Symbol(level)' on string 'Iniciando consulta a la base de datos...'
2025-03-19 00:45:23 [ERROR]: Error al obtener los productos: Cannot create property 'Symbol(level)' on string 'Iniciando consulta a la base de datos...'
2025-03-19 08:28:16 [INFO]: Servidor corriendo en el puerto 3001
2025-03-19 08:31:50 [ERROR]: Error al obtener los productos: Cannot create property 'Symbol(level)' on string 'Iniciando consulta a la base de datos...'
2025-03-19 08:31:51 [ERROR]: Error al obtener los productos: Cannot create property 'Symbol(level)' on string 'Iniciando consulta a la base de datos...'
2025-03-19 08:31:51 [ERROR]: Error al obtener los productos: Cannot create property 'Symbol(level)' on string 'Iniciando consulta a la base de datos...'
2025-03-19 08:32:00 [ERROR]: Error al obtener los productos: Cannot create property 'Symbol(level)' on string 'Iniciando consulta a la base de datos...'
2025-03-19 08:32:01 [ERROR]: Error al obtener los productos: Cannot create property 'Symbol(level)' on string 'Iniciando consulta a la base de datos...'
2025-03-19 08:32:01 [ERROR]: Error al obtener los productos: Cannot create property 'Symbol(level)' on string 'Iniciando consulta a la base de datos...'
2025-03-19 08:32:01 [ERROR]: Error al obtener los productos: Cannot create property 'Symbol(level)' on string 'Iniciando consulta a la base de datos...'
2025-03-19 08:32:01 [ERROR]: Error al obtener los productos: Cannot create property 'Symbol(level)' on string 'Iniciando consulta a la base de datos...'
2025-03-19 08:32:07 [ERROR]: Error al obtener los productos: Cannot create property 'Symbol(level)' on string 'Iniciando consulta a la base de datos...'
2025-03-19 08:32:08 [ERROR]: Error al obtener los productos: Cannot create property 'Symbol(level)' on string 'Iniciando consulta a la base de datos...'
2025-03-19 08:32:08 [ERROR]: Error al obtener los productos: Cannot create property 'Symbol(level)' on string 'Iniciando consulta a la base de datos...'
2025-03-19 08:32:08 [ERROR]: Error al obtener los productos: Cannot create property 'Symbol(level)' on string 'Iniciando consulta a la base de datos...'
2025-03-19 08:32:09 [ERROR]: Error al obtener los productos: Cannot create property 'Symbol(level)' on string 'Iniciando consulta a la base de datos...'
2025-03-19 08:32:09 [ERROR]: Error al obtener los productos: Cannot create property 'Symbol(level)' on string 'Iniciando consulta a la base de datos...'
2025-03-19 08:32:33 [ERROR]: Error al obtener los productos: Cannot create property 'Symbol(level)' on string 'Iniciando consulta a la base de datos...'
2025-03-19 08:32:33 [ERROR]: Error al obtener los productos: Cannot create property 'Symbol(level)' on string 'Iniciando consulta a la base de datos...'
2025-03-19 08:32:33 [ERROR]: Error al obtener los productos: Cannot create property 'Symbol(level)' on string 'Iniciando consulta a la base de datos...'
2025-03-19 08:33:09 [ERROR]: Error al obtener los productos: Cannot create property 'Symbol(level)' on string 'Iniciando consulta a la base de datos...'
2025-03-19 08:33:09 [ERROR]: Error al obtener los productos: Cannot create property 'Symbol(level)' on string 'Iniciando consulta a la base de datos...'
2025-03-19 08:33:09 [ERROR]: Error al obtener los productos: Cannot create property 'Symbol(level)' on string 'Iniciando consulta a la base de datos...'
2025-03-19 08:34:58 [ERROR]: Error al obtener los productos: Cannot create property 'Symbol(level)' on string 'Iniciando consulta a la base de datos...'
2025-03-19 08:34:58 [ERROR]: Error al obtener los productos: Cannot create property 'Symbol(level)' on string 'Iniciando consulta a la base de datos...'
2025-03-19 08:34:58 [ERROR]: Error al obtener los productos: Cannot create property 'Symbol(level)' on string 'Iniciando consulta a la base de datos...'
2025-03-19 08:35:34 [INFO]: Servidor corriendo en el puerto 3001
2025-03-19 08:39:24 [INFO]: Servidor corriendo en el puerto 3001
2025-03-19 08:39:36 [INFO]: Servidor corriendo en el puerto 3001
2025-03-19 08:39:56 [INFO]: Servidor corriendo en el puerto 3001
2025-03-19 08:41:20 [ERROR]: Error al obtener los productos: Cannot create property 'Symbol(level)' on string 'Iniciando consulta a la base de datos...'
2025-03-19 08:44:47 [INFO]: Servidor corriendo en el puerto 3001
2025-03-19 08:44:55 [ERROR]: Error al obtener los productos: Cannot create property 'Symbol(level)' on string 'Iniciando consulta a la base de datos...'
2025-03-19 08:46:06 [INFO]: Servidor corriendo en el puerto 3001
2025-03-19 08:47:28 [INFO]: Servidor corriendo en el puerto 3001
2025-03-19 08:48:57 [INFO]: Servidor corriendo en el puerto 3001
2025-03-19 08:49:04 [INFO]: Servidor corriendo en el puerto 3001
2025-03-19 08:53:56 [ERROR]: Error al obtener los productos: Cannot create property 'Symbol(level)' on string 'Iniciando consulta a la base de datos...'
2025-03-19 08:53:56 [ERROR]: Error al obtener los productos: Cannot create property 'Symbol(level)' on string 'Iniciando consulta a la base de datos...'
2025-03-19 08:53:56 [ERROR]: Error al obtener los productos: Cannot create property 'Symbol(level)' on string 'Iniciando consulta a la base de datos...'
2025-03-19 08:53:58 [ERROR]: Error al obtener los productos: Cannot create property 'Symbol(level)' on string 'Iniciando consulta a la base de datos...'
2025-03-19 08:53:58 [ERROR]: Error al obtener los productos: Cannot create property 'Symbol(level)' on string 'Iniciando consulta a la base de datos...'
2025-03-19 08:53:58 [ERROR]: Error al obtener los productos: Cannot create property 'Symbol(level)' on string 'Iniciando consulta a la base de datos...'
2025-03-19 09:13:11 [INFO]: Servidor corriendo en el puerto 3001
2025-03-19 09:13:26 [ERROR]: Error al obtener los productos: Cannot create property 'Symbol(level)' on string 'Iniciando consulta a la base de datos...'
2025-03-19 09:13:26 [ERROR]: Error al obtener los productos: Cannot create property 'Symbol(level)' on string 'Iniciando consulta a la base de datos...'
2025-03-19 09:13:26 [ERROR]: Error al obtener los productos: Cannot create property 'Symbol(level)' on string 'Iniciando consulta a la base de datos...'
2025-03-19 09:14:17 [ERROR]: Error al obtener los productos: Cannot create property 'Symbol(level)' on string 'Iniciando consulta a la base de datos...'
2025-03-19 09:16:29 [ERROR]: Error al obtener los productos: Cannot create property 'Symbol(level)' on string 'Iniciando consulta a la base de datos...'
2025-03-19 09:16:30 [ERROR]: Error al obtener los productos: Cannot create property 'Symbol(level)' on string 'Iniciando consulta a la base de datos...'
2025-03-19 09:16:30 [ERROR]: Error al obtener los productos: Cannot create property 'Symbol(level)' on string 'Iniciando consulta a la base de datos...'
2025-03-19 09:16:31 [ERROR]: Error al obtener los productos: Cannot create property 'Symbol(level)' on string 'Iniciando consulta a la base de datos...'
2025-03-19 09:16:32 [ERROR]: Error al obtener los productos: Cannot create property 'Symbol(level)' on string 'Iniciando consulta a la base de datos...'
2025-03-19 09:16:32 [ERROR]: Error al obtener los productos: Cannot create property 'Symbol(level)' on string 'Iniciando consulta a la base de datos...'
2025-03-19 09:19:06 [ERROR]: Error al obtener los productos: Cannot create property 'Symbol(level)' on string 'Iniciando consulta a la base de datos...'
2025-03-19 09:19:07 [ERROR]: Error al obtener los productos: Cannot create property 'Symbol(level)' on string 'Iniciando consulta a la base de datos...'
2025-03-19 09:19:07 [ERROR]: Error al obtener los productos: Cannot create property 'Symbol(level)' on string 'Iniciando consulta a la base de datos...'
2025-03-19 09:20:30 [ERROR]: Error al obtener los productos: Cannot create property 'Symbol(level)' on string 'Iniciando consulta a la base de datos...'
2025-03-19 09:21:59 [INFO]: Servidor corriendo en el puerto 3001
2025-03-19 09:21:59 [INFO]: Servidor corriendo en el puerto 3001
2025-03-19 09:22:03 [INFO]: Servidor corriendo en el puerto 3001
2025-03-19 09:22:04 [INFO]: Servidor corriendo en el puerto 3001
2025-03-19 09:22:08 [ERROR]: Error al obtener los productos: Cannot create property 'Symbol(level)' on string 'Iniciando consulta a la base de datos...'
2025-03-19 09:23:15 [INFO]: Servidor corriendo en el puerto 3001
2025-03-19 09:27:38 [INFO]: Servidor corriendo en el puerto 3001
2025-03-19 09:27:46 [INFO]: Servidor corriendo en el puerto 3001
2025-03-19 09:28:34 [INFO]: Iniciando consulta a la base de datos...
2025-03-19 09:28:34 [INFO]: Productos obtenidos:
2025-03-19 09:28:50 [INFO]: Iniciando consulta a la base de datos...
2025-03-19 09:28:50 [INFO]: Productos obtenidos:
2025-03-19 09:29:32 [INFO]: Servidor corriendo en el puerto 3001
2025-03-19 09:29:40 [INFO]: Servidor corriendo en el puerto 3001
2025-03-19 09:29:55 [INFO]: Servidor corriendo en el puerto 3001
2025-03-19 09:31:49 [INFO]: Servidor corriendo en el puerto 3001
2025-03-19 09:32:12 [INFO]: Servidor corriendo en el puerto 3001
2025-03-19 09:32:31 [INFO]: Servidor corriendo en el puerto 3001
2025-03-19 09:32:34 [INFO]: Servidor corriendo en el puerto 3001
2025-03-19 09:32:50 [INFO]: Iniciando consulta a la base de datos...
2025-03-19 09:32:50 [INFO]: Productos obtenidos:
2025-03-19 09:33:10 [INFO]: Servidor corriendo en el puerto 3001
2025-03-19 09:33:11 [INFO]: Servidor corriendo en el puerto 3001
2025-03-19 09:33:22 [INFO]: Iniciando consulta a la base de datos...
2025-03-19 09:33:22 [INFO]: Productos obtenidos:
2025-03-19 09:33:57 [INFO]: Servidor corriendo en el puerto 3001
2025-03-19 09:33:58 [INFO]: Servidor corriendo en el puerto 3001
2025-03-19 09:34:26 [INFO]: Servidor corriendo en el puerto 3001
2025-03-19 09:34:32 [INFO]: Iniciando consulta a la base de datos...
2025-03-19 09:34:32 [INFO]: Productos obtenidos:
2025-03-19 09:34:47 [INFO]: Iniciando consulta a la base de datos...
2025-03-19 09:34:47 [INFO]: Productos obtenidos:
2025-03-19 09:35:22 [INFO]: Iniciando consulta a la base de datos...
2025-03-19 09:35:22 [INFO]: Productos obtenidos:
2025-03-19 09:40:47 [INFO]: Iniciando consulta a la base de datos...
2025-03-19 09:40:47 [INFO]: Productos obtenidos:
2025-03-19 09:41:02 [INFO]: Servidor corriendo en el puerto 3001
2025-03-19 12:44:40 [INFO]: Iniciando consulta a la base de datos...
2025-03-19 12:44:40 [INFO]: Productos obtenidos:
2025-03-19 12:44:48 [INFO]: Iniciando consulta a la base de datos...
2025-03-19 12:44:48 [INFO]: Productos obtenidos:
2025-03-19 12:45:22 [INFO]: Iniciando consulta a la base de datos...
2025-03-19 12:45:22 [INFO]: Productos obtenidos:
2025-03-19 12:46:29 [INFO]: Iniciando consulta a la base de datos...
2025-03-19 12:46:29 [INFO]: Productos obtenidos:
2025-03-19 12:46:44 [INFO]: Iniciando consulta a la base de datos...
2025-03-19 12:46:44 [INFO]: Productos obtenidos:
2025-03-19 12:51:08 [INFO]: Iniciando consulta a la base de datos...
2025-03-19 12:51:08 [INFO]: Productos obtenidos:
2025-03-19 12:51:41 [INFO]: Iniciando consulta a la base de datos...
2025-03-19 12:51:41 [INFO]: Productos obtenidos:
2025-03-19 12:51:49 [INFO]: Iniciando consulta a la base de datos...
2025-03-19 12:51:49 [INFO]: Productos obtenidos:
2025-03-19 13:11:38 [INFO]: Servidor corriendo en el puerto 3001
2025-03-19 13:11:47 [INFO]: Servidor corriendo en el puerto 3001
2025-03-19 13:13:44 [INFO]: Servidor corriendo en el puerto 3001
2025-03-19 13:14:17 [INFO]: Servidor corriendo en el puerto 3001
2025-03-19 13:17:03 [INFO]: Servidor corriendo en el puerto 3001
2025-03-19 13:17:06 [INFO]: Servidor corriendo en el puerto 3001
2025-03-19 13:20:15 [INFO]: Servidor corriendo en el puerto 3001
2025-03-19 13:21:00 [INFO]: Iniciando consulta a la base de datos...
2025-03-19 13:21:00 [INFO]: Productos obtenidos:
2025-03-19 13:21:18 [INFO]: Iniciando consulta a la base de datos...
2025-03-19 13:21:18 [INFO]: Productos obtenidos:
2025-03-19 13:21:29 [INFO]: Iniciando consulta a la base de datos...
2025-03-19 13:21:29 [INFO]: Productos obtenidos:
2025-03-19 13:21:31 [INFO]: Iniciando consulta a la base de datos...
2025-03-19 13:21:31 [INFO]: Productos obtenidos:
2025-03-19 13:22:11 [INFO]: Iniciando consulta a la base de datos...
2025-03-19 13:22:11 [INFO]: Productos obtenidos:
2025-03-19 13:22:20 [INFO]: Iniciando consulta a la base de datos...
2025-03-19 13:22:20 [INFO]: Productos obtenidos:
2025-03-19 13:22:30 [INFO]: Iniciando consulta a la base de datos...
2025-03-19 13:22:30 [INFO]: Productos obtenidos:
2025-03-19 13:22:32 [INFO]: Iniciando consulta a la base de datos...
2025-03-19 13:22:33 [INFO]: Productos obtenidos:
2025-03-19 13:22:34 [INFO]: Iniciando consulta a la base de datos...
2025-03-19 13:22:34 [INFO]: Productos obtenidos:
2025-03-19 13:25:03 [INFO]: Iniciando consulta a la base de datos...
2025-03-19 13:25:03 [INFO]: Productos obtenidos:
2025-03-19 13:26:29 [INFO]: Iniciando consulta a la base de datos...
2025-03-19 13:26:29 [INFO]: Productos obtenidos:
2025-03-19 13:26:30 [INFO]: Iniciando consulta a la base de datos...
2025-03-19 13:26:30 [INFO]: Iniciando consulta a la base de datos...
2025-03-19 13:26:30 [INFO]: Productos obtenidos:
2025-03-19 13:26:31 [INFO]: Productos obtenidos:
2025-03-19 13:26:34 [INFO]: Iniciando consulta a la base de datos...
2025-03-19 13:26:34 [INFO]: Productos obtenidos:
2025-03-19 13:28:18 [INFO]: Iniciando consulta a la base de datos...
2025-03-19 13:28:18 [INFO]: Productos obtenidos:
2025-03-19 13:28:34 [INFO]: Iniciando consulta a la base de datos...
2025-03-19 13:28:34 [INFO]: Productos obtenidos:
2025-03-19 13:29:48 [INFO]: Iniciando consulta a la base de datos...
2025-03-19 13:29:48 [INFO]: Productos obtenidos:
2025-03-19 13:30:55 [INFO]: Iniciando consulta a la base de datos...
2025-03-19 13:30:55 [INFO]: Productos obtenidos:
2025-03-19 13:33:06 [INFO]: Iniciando consulta a la base de datos...
2025-03-19 13:33:06 [INFO]: Productos obtenidos:
2025-03-19 13:33:40 [INFO]: Iniciando consulta a la base de datos...
2025-03-19 13:33:40 [INFO]: Productos obtenidos:
2025-03-19 13:33:49 [INFO]: Iniciando consulta a la base de datos...
2025-03-19 13:33:49 [INFO]: Productos obtenidos:
2025-03-19 13:34:50 [INFO]: Servidor corriendo en el puerto 3001
2025-03-19 13:36:34 [INFO]: Iniciando consulta a la base de datos...
2025-03-19 13:36:34 [INFO]: Productos obtenidos:
2025-03-19 13:40:24 [INFO]: Iniciando consulta a la base de datos...
2025-03-19 13:40:25 [INFO]: Productos obtenidos:
2025-03-19 13:40:30 [INFO]: Iniciando consulta a la base de datos...
2025-03-19 13:40:30 [INFO]: Productos obtenidos:
2025-03-19 13:40:36 [INFO]: Iniciando consulta a la base de datos...
2025-03-19 13:40:36 [INFO]: Productos obtenidos:
2025-03-19 13:40:57 [INFO]: Iniciando consulta a la base de datos...
2025-03-19 13:40:57 [INFO]: Productos obtenidos:
2025-03-19 13:41:06 [INFO]: Iniciando consulta a la base de datos...
2025-03-19 13:41:06 [INFO]: Productos obtenidos:
2025-03-19 13:41:13 [INFO]: Iniciando consulta a la base de datos...
2025-03-19 13:41:13 [INFO]: Productos obtenidos:
2025-03-19 13:41:22 [INFO]: Iniciando consulta a la base de datos...
2025-03-19 13:41:22 [INFO]: Productos obtenidos:
2025-03-19 13:41:29 [INFO]: Iniciando consulta a la base de datos...
2025-03-19 13:41:29 [INFO]: Productos obtenidos:
2025-03-19 13:41:35 [INFO]: Iniciando consulta a la base de datos...
2025-03-19 13:41:35 [INFO]: Productos obtenidos:
2025-03-19 13:41:40 [INFO]: Iniciando consulta a la base de datos...
2025-03-19 13:41:40 [INFO]: Productos obtenidos:
2025-03-19 13:41:43 [INFO]: Iniciando consulta a la base de datos...
2025-03-19 13:41:43 [INFO]: Productos obtenidos:
2025-03-19 13:42:07 [INFO]: Iniciando consulta a la base de datos...
2025-03-19 13:42:08 [INFO]: Productos obtenidos:
2025-03-19 13:43:28 [INFO]: Iniciando consulta a la base de datos...
2025-03-19 13:43:28 [INFO]: Productos obtenidos:
2025-03-19 13:43:33 [INFO]: Iniciando consulta a la base de datos...
2025-03-19 13:43:33 [INFO]: Productos obtenidos:
2025-03-19 13:43:42 [INFO]: Iniciando consulta a la base de datos...
2025-03-19 13:43:42 [INFO]: Productos obtenidos:
2025-03-19 13:44:01 [INFO]: Iniciando consulta a la base de datos...
2025-03-19 13:44:01 [INFO]: Productos obtenidos:
2025-03-19 13:44:28 [INFO]: Iniciando consulta a la base de datos...
2025-03-19 13:44:28 [INFO]: Productos obtenidos:
2025-03-19 13:44:37 [INFO]: Iniciando consulta a la base de datos...
2025-03-19 13:44:37 [INFO]: Productos obtenidos:
2025-03-19 15:13:29 [INFO]: Servidor corriendo en el puerto 3001
2025-03-19 15:14:08 [INFO]: Iniciando consulta a la base de datos...
2025-03-19 15:14:08 [INFO]: Productos obtenidos:
2025-03-19 15:14:15 [INFO]: Iniciando consulta a la base de datos...
2025-03-19 15:14:15 [INFO]: Productos obtenidos:
2025-03-19 15:14:33 [INFO]: Iniciando consulta a la base de datos...
2025-03-19 15:14:33 [INFO]: Productos obtenidos:
2025-03-19 15:15:29 [INFO]: Iniciando consulta a la base de datos...
2025-03-19 15:15:29 [INFO]: Productos obtenidos:
2025-03-19 17:57:11 [INFO]: Iniciando consulta a la base de datos...
2025-03-19 17:57:11 [INFO]: Productos obtenidos:
2025-03-19 17:57:50 [INFO]: Iniciando consulta a la base de datos...
2025-03-19 17:57:50 [INFO]: Productos obtenidos:
2025-03-19 17:58:19 [INFO]: Iniciando consulta a la base de datos...
2025-03-19 17:58:19 [INFO]: Productos obtenidos:
2025-03-19 17:58:34 [INFO]: Iniciando consulta a la base de datos...
2025-03-19 17:58:34 [INFO]: Productos obtenidos:
2025-03-19 17:59:09 [INFO]: Iniciando consulta a la base de datos...
2025-03-19 17:59:09 [INFO]: Productos obtenidos:
2025-03-19 18:10:53 [INFO]: Iniciando consulta a la base de datos...
2025-03-19 18:10:53 [INFO]: Productos obtenidos:
2025-03-19 18:10:59 [INFO]: Iniciando consulta a la base de datos...
2025-03-19 18:10:59 [INFO]: Productos obtenidos:
