2025-03-19 08:31:50 [ERROR]: Error al obtener los productos: Cannot create property 'Symbol(level)' on string 'Iniciando consulta a la base de datos...'
2025-03-19 08:31:51 [ERROR]: Error al obtener los productos: Cannot create property 'Symbol(level)' on string 'Iniciando consulta a la base de datos...'
2025-03-19 08:31:51 [ERROR]: Error al obtener los productos: Cannot create property 'Symbol(level)' on string 'Iniciando consulta a la base de datos...'
2025-03-19 08:32:00 [ERROR]: Error al obtener los productos: Cannot create property 'Symbol(level)' on string 'Iniciando consulta a la base de datos...'
2025-03-19 08:32:01 [ERROR]: Error al obtener los productos: Cannot create property 'Symbol(level)' on string 'Iniciando consulta a la base de datos...'
2025-03-19 08:32:01 [ERROR]: Error al obtener los productos: Cannot create property 'Symbol(level)' on string 'Iniciando consulta a la base de datos...'
2025-03-19 08:32:01 [ERROR]: Error al obtener los productos: Cannot create property 'Symbol(level)' on string 'Iniciando consulta a la base de datos...'
2025-03-19 08:32:01 [ERROR]: Error al obtener los productos: Cannot create property 'Symbol(level)' on string 'Iniciando consulta a la base de datos...'
2025-03-19 08:32:07 [ERROR]: Error al obtener los productos: Cannot create property 'Symbol(level)' on string 'Iniciando consulta a la base de datos...'
2025-03-19 08:32:08 [ERROR]: Error al obtener los productos: Cannot create property 'Symbol(level)' on string 'Iniciando consulta a la base de datos...'
2025-03-19 08:32:08 [ERROR]: Error al obtener los productos: Cannot create property 'Symbol(level)' on string 'Iniciando consulta a la base de datos...'
2025-03-19 08:32:08 [ERROR]: Error al obtener los productos: Cannot create property 'Symbol(level)' on string 'Iniciando consulta a la base de datos...'
2025-03-19 08:32:09 [ERROR]: Error al obtener los productos: Cannot create property 'Symbol(level)' on string 'Iniciando consulta a la base de datos...'
2025-03-19 08:32:09 [ERROR]: Error al obtener los productos: Cannot create property 'Symbol(level)' on string 'Iniciando consulta a la base de datos...'
2025-03-19 08:32:33 [ERROR]: Error al obtener los productos: Cannot create property 'Symbol(level)' on string 'Iniciando consulta a la base de datos...'
2025-03-19 08:32:33 [ERROR]: Error al obtener los productos: Cannot create property 'Symbol(level)' on string 'Iniciando consulta a la base de datos...'
2025-03-19 08:32:33 [ERROR]: Error al obtener los productos: Cannot create property 'Symbol(level)' on string 'Iniciando consulta a la base de datos...'
2025-03-19 08:33:09 [ERROR]: Error al obtener los productos: Cannot create property 'Symbol(level)' on string 'Iniciando consulta a la base de datos...'
2025-03-19 08:33:09 [ERROR]: Error al obtener los productos: Cannot create property 'Symbol(level)' on string 'Iniciando consulta a la base de datos...'
2025-03-19 08:33:09 [ERROR]: Error al obtener los productos: Cannot create property 'Symbol(level)' on string 'Iniciando consulta a la base de datos...'
2025-03-19 08:34:58 [ERROR]: Error al obtener los productos: Cannot create property 'Symbol(level)' on string 'Iniciando consulta a la base de datos...'
2025-03-19 08:34:58 [ERROR]: Error al obtener los productos: Cannot create property 'Symbol(level)' on string 'Iniciando consulta a la base de datos...'
2025-03-19 08:34:58 [ERROR]: Error al obtener los productos: Cannot create property 'Symbol(level)' on string 'Iniciando consulta a la base de datos...'
2025-03-19 08:41:20 [ERROR]: Error al obtener los productos: Cannot create property 'Symbol(level)' on string 'Iniciando consulta a la base de datos...'
2025-03-19 08:44:55 [ERROR]: Error al obtener los productos: Cannot create property 'Symbol(level)' on string 'Iniciando consulta a la base de datos...'
2025-03-19 08:53:56 [ERROR]: Error al obtener los productos: Cannot create property 'Symbol(level)' on string 'Iniciando consulta a la base de datos...'
2025-03-19 08:53:56 [ERROR]: Error al obtener los productos: Cannot create property 'Symbol(level)' on string 'Iniciando consulta a la base de datos...'
2025-03-19 08:53:56 [ERROR]: Error al obtener los productos: Cannot create property 'Symbol(level)' on string 'Iniciando consulta a la base de datos...'
2025-03-19 08:53:58 [ERROR]: Error al obtener los productos: Cannot create property 'Symbol(level)' on string 'Iniciando consulta a la base de datos...'
2025-03-19 08:53:58 [ERROR]: Error al obtener los productos: Cannot create property 'Symbol(level)' on string 'Iniciando consulta a la base de datos...'
2025-03-19 08:53:58 [ERROR]: Error al obtener los productos: Cannot create property 'Symbol(level)' on string 'Iniciando consulta a la base de datos...'
2025-03-19 09:13:26 [ERROR]: Error al obtener los productos: Cannot create property 'Symbol(level)' on string 'Iniciando consulta a la base de datos...'
2025-03-19 09:13:26 [ERROR]: Error al obtener los productos: Cannot create property 'Symbol(level)' on string 'Iniciando consulta a la base de datos...'
2025-03-19 09:13:26 [ERROR]: Error al obtener los productos: Cannot create property 'Symbol(level)' on string 'Iniciando consulta a la base de datos...'
2025-03-19 09:14:17 [ERROR]: Error al obtener los productos: Cannot create property 'Symbol(level)' on string 'Iniciando consulta a la base de datos...'
2025-03-19 09:16:29 [ERROR]: Error al obtener los productos: Cannot create property 'Symbol(level)' on string 'Iniciando consulta a la base de datos...'
2025-03-19 09:16:30 [ERROR]: Error al obtener los productos: Cannot create property 'Symbol(level)' on string 'Iniciando consulta a la base de datos...'
2025-03-19 09:16:30 [ERROR]: Error al obtener los productos: Cannot create property 'Symbol(level)' on string 'Iniciando consulta a la base de datos...'
2025-03-19 09:16:31 [ERROR]: Error al obtener los productos: Cannot create property 'Symbol(level)' on string 'Iniciando consulta a la base de datos...'
2025-03-19 09:16:32 [ERROR]: Error al obtener los productos: Cannot create property 'Symbol(level)' on string 'Iniciando consulta a la base de datos...'
2025-03-19 09:16:32 [ERROR]: Error al obtener los productos: Cannot create property 'Symbol(level)' on string 'Iniciando consulta a la base de datos...'
2025-03-19 09:19:06 [ERROR]: Error al obtener los productos: Cannot create property 'Symbol(level)' on string 'Iniciando consulta a la base de datos...'
2025-03-19 09:19:07 [ERROR]: Error al obtener los productos: Cannot create property 'Symbol(level)' on string 'Iniciando consulta a la base de datos...'
2025-03-19 09:19:07 [ERROR]: Error al obtener los productos: Cannot create property 'Symbol(level)' on string 'Iniciando consulta a la base de datos...'
2025-03-19 09:20:30 [ERROR]: Error al obtener los productos: Cannot create property 'Symbol(level)' on string 'Iniciando consulta a la base de datos...'
2025-03-19 09:22:08 [ERROR]: Error al obtener los productos: Cannot create property 'Symbol(level)' on string 'Iniciando consulta a la base de datos...'
2025-03-19 22:57:10 [ERROR]: Error al crear el usuario: Op is not defined
2025-03-19 23:13:06 [ERROR]: Error al crear el usuario: Op is not defined
2025-03-19 23:19:01 [ERROR]: Error al crear el usuario: Op is not defined
2025-03-19 23:22:47 [ERROR]: Error al crear el usuario: Op is not defined
2025-03-19 23:26:21 [ERROR]: Error al crear el usuario: Op is not defined
2025-03-19 23:26:37 [ERROR]: Error al crear el usuario: Op is not defined
2025-03-21 13:58:30 [ERROR]: Error al sincronizar la base de datos: 
2025-03-24 23:18:04 [ERROR]: Error al sincronizar la base de datos: 
2025-03-25 01:17:19 [ERROR]: Error en la consulta: Unknown column 'stock' in 'field list'
2025-03-25 01:17:19 [ERROR]: Error en la consulta: Unknown column 'stock' in 'field list'
2025-03-25 03:01:14 [ERROR]: Error en la consulta: Unknown column 'categoria' in 'field list'
2025-03-25 23:20:53 [ERROR]: Error al sincronizar la base de datos: 
2025-03-26 22:30:26 [ERROR]: Error al iniciar sesión del usuario:
2025-03-26 22:30:29 [ERROR]: Error al iniciar sesión del usuario:
2025-03-26 22:30:48 [ERROR]: Error al sincronizar la base de datos: 
2025-03-27 06:44:13 [ERROR]: Error al sincronizar la base de datos: 
2025-03-27 08:56:27 [ERROR]: Error al iniciar sesión del usuario:
2025-03-27 08:56:35 [ERROR]: Error al iniciar sesión del usuario:
2025-03-27 08:56:49 [ERROR]: Error al iniciar sesión del usuario:
2025-03-27 08:57:05 [ERROR]: Error al iniciar sesión del usuario:
2025-03-27 08:57:21 [ERROR]: Error al iniciar sesión del usuario:
2025-03-27 13:14:58 [ERROR]: Error al sincronizar la base de datos: 
2025-05-28 20:40:59 [ERROR]: Error al sincronizar la base de datos: 
2025-06-18 18:46:18 [ERROR]: Error al sincronizar la base de datos: 
2025-06-19 15:29:18 [ERROR]: Error al sincronizar la base de datos: 
2025-06-22 20:25:47 [ERROR]: Error al sincronizar la base de datos: 
2025-07-20 21:06:34 [ERROR]: Error al sincronizar la base de datos: getaddrinfo ENOTFOUND jarciplas_12_jarciplas_project
2025-07-20 21:09:52 [ERROR]: Error al sincronizar la base de datos: getaddrinfo ENOTFOUND jarciplas_12_jarciplas_proyect
2025-07-20 21:11:32 [ERROR]: Error al sincronizar la base de datos: connect ETIMEDOUT
2025-07-20 21:12:26 [ERROR]: Error al sincronizar la base de datos: connect ETIMEDOUT
2025-07-20 21:36:35 [ERROR]: Error al sincronizar la base de datos: 
2025-07-20 22:10:05 [ERROR]: Error al sincronizar la base de datos: Access denied for user 'mysql'@'%' to database 'proyectojarciplas'
2025-07-20 22:13:08 [ERROR]: Error al sincronizar la base de datos: Access denied for user 'mysql'@'%' to database 'proyectojarciplas'
2025-07-20 22:14:22 [ERROR]: Error al sincronizar la base de datos: Access denied for user 'mysql'@'%' to database 'proyectojarciplas'
2025-07-20 22:14:35 [ERROR]: Error al sincronizar la base de datos: Access denied for user 'mysql'@'%' to database 'proyectojarciplas'
2025-07-20 22:29:54 [ERROR]: Error al sincronizar la base de datos: Access denied for user 'mysql'@'%' to database 'proyectojarciplas'
2025-09-09 16:00:43 [ERROR]: Error al sincronizar la base de datos: connect ETIMEDOUT
2025-09-30 15:25:51 [ERROR]: Error al sincronizar la base de datos: connect ETIMEDOUT
2025-09-30 15:29:09 [ERROR]: Error al sincronizar la base de datos: Unknown database 'jarciplas'
2025-09-30 15:56:22 [ERROR]: Error al crear el usuario: Unknown column 'Contraseña' in 'field list'
2025-09-30 15:57:05 [ERROR]: Error al crear el usuario: Unknown column 'Contraseña' in 'field list'
2025-09-30 15:57:18 [ERROR]: Error al crear el usuario: Unknown column 'Contraseña' in 'field list'
2025-09-30 15:57:24 [ERROR]: Error al crear el usuario: Unknown column 'Contraseña' in 'field list'
2025-09-30 15:57:47 [ERROR]: Error al crear el usuario: Unknown column 'Contraseña' in 'field list'
2025-09-30 15:59:01 [ERROR]: Error al crear el usuario: Unknown column 'Contraseña' in 'field list'
2025-09-30 15:59:48 [ERROR]: Error al crear el usuario: Unknown column 'Contraseña' in 'field list'
2025-09-30 16:06:49 [ERROR]: Error al crear el usuario: Unknown column 'Intentos_contraseña' in 'field list'
2025-09-30 16:07:59 [ERROR]: Error al crear el usuario: Unknown column 'Intentos_contraseña' in 'field list'
2025-09-30 16:08:45 [ERROR]: Error al crear el usuario: Unknown column 'Intentos_contraseña' in 'field list'
2025-09-30 16:08:56 [ERROR]: Error al crear el usuario: Unknown column 'Intentos_contraseña' in 'field list'
2025-10-02 15:19:47 [ERROR]: Error al sincronizar la base de datos: 
2025-11-12 17:26:40 [ERROR]: Error al sincronizar la base de datos: Access denied for user 'marlenhe_Marlen'@'%' to database 'marlenhe_jarciplas'
2025-11-12 17:27:19 [ERROR]: Error al sincronizar la base de datos: Access denied for user 'marlenhe_Marlen'@'%' to database 'marlenhe_Jarciplas'
2025-11-12 17:27:48 [ERROR]: Error al sincronizar la base de datos: Access denied for user 'marlenhe_Marlen'@'%' to database 'marlenhe_Jarciplas'
